<?xml version="1.0" encoding="UTF-8"?>
<!-- Generated by org.testng.reporters.JUnitXMLReporter -->
<testsuite hostname="nitin" ignored="6" name="Vtiger Test(failed)(failed)" tests="1" failures="1" timestamp="02 Feb 2019 17:06:13 GMT" time="133.94" errors="0">
  <testcase name="loginPageTitleTest" time="0.053" classname="com.vTiger.Tests.LoginPageTest">
    <failure type="java.lang.AssertionError" message="lOGIN PAGE TITILE DOES NOT MATCH WITH EXPECTED expected [vtiger1] but found [vtiger]">
      <![CDATA[java.lang.AssertionError: lOGIN PAGE TITILE DOES NOT MATCH WITH EXPECTED expected [vtiger1] but found [vtiger]
	at com.vTiger.Tests.LoginPageTest.loginPageTitleTest(LoginPageTest.java:35)
... Removed 30 stack frames]]>
    </failure>
  </testcase> <!-- loginPageTitleTest -->
  <testcase name="openProjectPageTest" time="0.0" classname="com.vTiger.Tests.DashboardPageTest">
    <ignored/>
  </testcase> <!-- openProjectPageTest -->
  <testcase name="validateLoginPageLogo" time="0.0" classname="com.vTiger.Tests.LoginPageTest">
    <ignored/>
  </testcase> <!-- validateLoginPageLogo -->
  <testcase name="verifyDashboardLogoTest" time="0.0" classname="com.vTiger.Tests.DashboardPageTest">
    <ignored/>
  </testcase> <!-- verifyDashboardLogoTest -->
  <testcase name="loginTest" time="0.0" classname="com.vTiger.Tests.LoginPageTest">
    <ignored/>
  </testcase> <!-- loginTest -->
  <testcase name="verifyTitleofDashBoardPageTest" time="0.0" classname="com.vTiger.Tests.DashboardPageTest">
    <ignored/>
  </testcase> <!-- verifyTitleofDashBoardPageTest -->
  <testcase name="openProjectTasksTest" time="0.0" classname="com.vTiger.Tests.DashboardPageTest">
    <ignored/>
  </testcase> <!-- openProjectTasksTest -->
</testsuite> <!-- Vtiger Test(failed)(failed) -->
