<?xml version="1.0" encoding="UTF-8"?>
<testng-results skipped="0" failed="1" ignored="6" total="7" passed="0">
  <reporter-output>
  </reporter-output>
  <suite name="Failed suite [Failed suite [VTiger Test Case Suite]]" duration-ms="133940" started-at="2019-02-02T17:03:59Z" finished-at="2019-02-02T17:06:13Z">
    <groups>
    </groups>
    <test name="Vtiger Test(failed)(failed)" duration-ms="133940" started-at="2019-02-02T17:03:59Z" finished-at="2019-02-02T17:06:13Z">
      <class name="com.vTiger.Tests.LoginPageTest">
        <test-method status="PASS" signature="launchBrowser()[pri:0, instance:com.vTiger.Tests.LoginPageTest@7791a895]" name="launchBrowser" is-config="true" duration-ms="133010" started-at="2019-02-02T22:33:59Z" finished-at="2019-02-02T22:36:12Z">
          <reporter-output>
          </reporter-output>
        </test-method> <!-- launchBrowser -->
        <test-method status="FAIL" signature="loginPageTitleTest()[pri:2, instance:com.vTiger.Tests.LoginPageTest@7791a895]" name="loginPageTitleTest" duration-ms="53" started-at="2019-02-02T22:36:12Z" finished-at="2019-02-02T22:36:12Z">
          <exception class="java.lang.AssertionError">
            <message>
              <![CDATA[lOGIN PAGE TITILE DOES NOT MATCH WITH EXPECTED expected [vtiger1] but found [vtiger]]]>
            </message>
            <full-stacktrace>
              <![CDATA[java.lang.AssertionError: lOGIN PAGE TITILE DOES NOT MATCH WITH EXPECTED expected [vtiger1] but found [vtiger]
	at org.testng.Assert.fail(Assert.java:94)
	at org.testng.Assert.failNotEquals(Assert.java:513)
	at org.testng.Assert.assertEqualsImpl(Assert.java:135)
	at org.testng.Assert.assertEquals(Assert.java:116)
	at org.testng.Assert.assertEquals(Assert.java:190)
	at com.vTiger.Tests.LoginPageTest.loginPageTitleTest(LoginPageTest.java:35)
	at sun.reflect.NativeMethodAccessorImpl.invoke0(Native Method)
	at sun.reflect.NativeMethodAccessorImpl.invoke(Unknown Source)
	at sun.reflect.DelegatingMethodAccessorImpl.invoke(Unknown Source)
	at java.lang.reflect.Method.invoke(Unknown Source)
	at org.testng.internal.MethodInvocationHelper.invokeMethod(MethodInvocationHelper.java:104)
	at org.testng.internal.Invoker.invokeMethod(Invoker.java:645)
	at org.testng.internal.Invoker.invokeTestMethod(Invoker.java:851)
	at org.testng.internal.Invoker.invokeTestMethods(Invoker.java:1177)
	at org.testng.internal.TestMethodWorker.invokeTestMethods(TestMethodWorker.java:129)
	at org.testng.internal.TestMethodWorker.run(TestMethodWorker.java:112)
	at org.testng.TestRunner.privateRun(TestRunner.java:756)
	at org.testng.TestRunner.run(TestRunner.java:610)
	at org.testng.SuiteRunner.runTest(SuiteRunner.java:387)
	at org.testng.SuiteRunner.runSequentially(SuiteRunner.java:382)
	at org.testng.SuiteRunner.privateRun(SuiteRunner.java:340)
	at org.testng.SuiteRunner.run(SuiteRunner.java:289)
	at org.testng.SuiteRunnerWorker.runSuite(SuiteRunnerWorker.java:52)
	at org.testng.SuiteRunnerWorker.run(SuiteRunnerWorker.java:86)
	at org.testng.TestNG.runSuitesSequentially(TestNG.java:1293)
	at org.testng.TestNG.runSuitesLocally(TestNG.java:1218)
	at org.testng.TestNG.runSuites(TestNG.java:1133)
	at org.testng.TestNG.run(TestNG.java:1104)
	at org.testng.remote.AbstractRemoteTestNG.run(AbstractRemoteTestNG.java:132)
	at org.testng.remote.RemoteTestNG.initAndRun(RemoteTestNG.java:236)
	at org.testng.remote.RemoteTestNG.main(RemoteTestNG.java:81)
]]>
            </full-stacktrace>
          </exception> <!-- java.lang.AssertionError -->
          <reporter-output>
          </reporter-output>
        </test-method> <!-- loginPageTitleTest -->
        <test-method status="PASS" signature="tearDown(org.testng.ITestResult)[pri:0, instance:com.vTiger.Tests.LoginPageTest@7791a895]" name="tearDown" is-config="true" duration-ms="840" started-at="2019-02-02T22:36:12Z" finished-at="2019-02-02T22:36:13Z">
          <params>
            <param index="0">
              <value>
                <![CDATA[[TestResult name=loginPageTitleTest status=FAILURE method=LoginPageTest.loginPageTitleTest()[pri:2, instance:com.vTiger.Tests.LoginPageTest@7791a895] output={null}]]]>
              </value>
            </param>
          </params>
          <reporter-output>
          </reporter-output>
        </test-method> <!-- tearDown -->
      </class> <!-- com.vTiger.Tests.LoginPageTest -->
    </test> <!-- Vtiger Test(failed)(failed) -->
  </suite> <!-- Failed suite [Failed suite [VTiger Test Case Suite]] -->
</testng-results>
