<?xml version="1.0" encoding="UTF-8"?>
<!-- Generated by org.testng.reporters.JUnitXMLReporter -->
<testsuite hostname="nitin" ignored="2" name="Vtiger Test(failed)" tests="5" failures="1" timestamp="01 Feb 2019 18:29:05 GMT" time="323.129" errors="0">
  <testcase name="openProjectPageTest" time="15.388" classname="com.vTiger.Tests.DashboardPageTest"/>
  <testcase name="verifyDashboardLogoTest" time="0.064" classname="com.vTiger.Tests.DashboardPageTest"/>
  <testcase name="verifyTitleofDashBoardPageTest" time="0.02" classname="com.vTiger.Tests.DashboardPageTest"/>
  <testcase name="openProjectTasksTest" time="0.333" classname="com.vTiger.Tests.DashboardPageTest"/>
  <testcase name="loginPageTitleTest" time="0.023" classname="com.vTiger.Tests.LoginPageTest">
    <failure type="java.lang.AssertionError" message="lOGIN PAGE TITILE DOES NOT MATCH WITH EXPECTED expected [vtiger1] but found [vtiger]">
      <![CDATA[java.lang.AssertionError: lOGIN PAGE TITILE DOES NOT MATCH WITH EXPECTED expected [vtiger1] but found [vtiger]
	at com.vTiger.Tests.LoginPageTest.loginPageTitleTest(LoginPageTest.java:35)
... Removed 30 stack frames]]>
    </failure>
  </testcase> <!-- loginPageTitleTest -->
  <testcase name="validateLoginPageLogo" time="0.0" classname="com.vTiger.Tests.LoginPageTest">
    <ignored/>
  </testcase> <!-- validateLoginPageLogo -->
  <testcase name="loginTest" time="0.0" classname="com.vTiger.Tests.LoginPageTest">
    <ignored/>
  </testcase> <!-- loginTest -->
</testsuite> <!-- Vtiger Test(failed) -->
